  pixelOperat.cpp
E:\桌面碟\專案資料夾\photoegg4.1\newphotoegg4.1\photoegg4.2\photoegg4.2\pixelOperat\pixelOperat.h(118,62): warning C4244:  '=': 將 'double' 轉換為 'unsigned char'，由於類型不同，可能導致資料遺失
E:\桌面碟\專案資料夾\photoegg4.1\newphotoegg4.1\photoegg4.2\photoegg4.2\pixelOperat\pixelOperat.h(290,35): warning C4244:  '=': 將 'double' 轉換為 'unsigned char'，由於類型不同，可能導致資料遺失
E:\桌面碟\專案資料夾\photoegg4.1\newphotoegg4.1\photoegg4.2\photoegg4.2\pixelOperat\pixelOperat.h(291,43): warning C4244:  '=': 將 'double' 轉換為 'unsigned char'，由於類型不同，可能導致資料遺失
E:\桌面碟\專案資料夾\photoegg4.1\newphotoegg4.1\photoegg4.2\photoegg4.2\pixelOperat\pixelOperat.h(292,43): warning C4244:  '=': 將 'double' 轉換為 'unsigned char'，由於類型不同，可能導致資料遺失
E:\桌面碟\專案資料夾\photoegg4.1\newphotoegg4.1\photoegg4.2\photoegg4.2\pixelOperat\pixelOperat.h(302,35): warning C4244:  '=': 將 'double' 轉換為 'unsigned char'，由於類型不同，可能導致資料遺失
E:\桌面碟\專案資料夾\photoegg4.1\newphotoegg4.1\photoegg4.2\photoegg4.2\pixelOperat\pixelOperat.h(303,43): warning C4244:  '=': 將 'double' 轉換為 'unsigned char'，由於類型不同，可能導致資料遺失
E:\桌面碟\專案資料夾\photoegg4.1\newphotoegg4.1\photoegg4.2\photoegg4.2\pixelOperat\pixelOperat.h(304,43): warning C4244:  '=': 將 'double' 轉換為 'unsigned char'，由於類型不同，可能導致資料遺失
E:\桌面碟\專案資料夾\photoegg4.1\newphotoegg4.1\photoegg4.2\photoegg4.2\pixelOperat\pixelOperat.h(328,25): warning C4244:  '=': 將 'double' 轉換為 'int'，由於類型不同，可能導致資料遺失
E:\桌面碟\專案資料夾\photoegg4.1\newphotoegg4.1\photoegg4.2\photoegg4.2\pixelOperat\pixelOperat.h(329,29): warning C4244:  '=': 將 'double' 轉換為 'int'，由於類型不同，可能導致資料遺失
E:\桌面碟\專案資料夾\photoegg4.1\newphotoegg4.1\photoegg4.2\photoegg4.2\pixelOperat\pixelOperat.h(330,29): warning C4244:  '=': 將 'double' 轉換為 'int'，由於類型不同，可能導致資料遺失
E:\桌面碟\專案資料夾\photoegg4.1\newphotoegg4.1\photoegg4.2\photoegg4.2\pixelOperat\pixelOperat.h(391,25): warning C4244:  '=': 將 'double' 轉換為 'int'，由於類型不同，可能導致資料遺失
E:\桌面碟\專案資料夾\photoegg4.1\newphotoegg4.1\photoegg4.2\photoegg4.2\pixelOperat\pixelOperat.h(392,29): warning C4244:  '=': 將 'double' 轉換為 'int'，由於類型不同，可能導致資料遺失
E:\桌面碟\專案資料夾\photoegg4.1\newphotoegg4.1\photoegg4.2\photoegg4.2\pixelOperat\pixelOperat.h(393,29): warning C4244:  '=': 將 'double' 轉換為 'int'，由於類型不同，可能導致資料遺失
E:\桌面碟\專案資料夾\photoegg4.1\newphotoegg4.1\photoegg4.2\photoegg4.2\pixelOperat\pixelOperat.h(571,14): warning C4244:  '引數': 將 'time_t' 轉換為 'unsigned int'，由於類型不同，可能導致資料遺失
E:\桌面碟\專案資料夾\photoegg4.1\newphotoegg4.1\photoegg4.2\photoegg4.2\pixelOperat\pixelOperat.h(613,45): warning C4244:  '=': 將 'double' 轉換為 'unsigned char'，由於類型不同，可能導致資料遺失
E:\桌面碟\專案資料夾\photoegg4.1\newphotoegg4.1\photoegg4.2\photoegg4.2\pixelOperat\pixelOperat.h(614,49): warning C4244:  '=': 將 'double' 轉換為 'unsigned char'，由於類型不同，可能導致資料遺失
E:\桌面碟\專案資料夾\photoegg4.1\newphotoegg4.1\photoegg4.2\photoegg4.2\pixelOperat\pixelOperat.h(615,49): warning C4244:  '=': 將 'double' 轉換為 'unsigned char'，由於類型不同，可能導致資料遺失
E:\桌面碟\專案資料夾\photoegg4.1\newphotoegg4.1\photoegg4.2\photoegg4.2\pixelOperat\pixelOperat.h(1581,14): warning C4244:  '=': 將 'double' 轉換為 'unsigned char'，由於類型不同，可能導致資料遺失
E:\桌面碟\專案資料夾\photoegg4.1\newphotoegg4.1\photoegg4.2\photoegg4.2\pixelOperat\pixelOperat.h(1582,14): warning C4244:  '=': 將 'double' 轉換為 'unsigned char'，由於類型不同，可能導致資料遺失
E:\桌面碟\專案資料夾\photoegg4.1\newphotoegg4.1\photoegg4.2\photoegg4.2\pixelOperat\pixelOperat.h(1583,14): warning C4244:  '=': 將 'double' 轉換為 'unsigned char'，由於類型不同，可能導致資料遺失
E:\桌面碟\專案資料夾\photoegg4.1\newphotoegg4.1\photoegg4.2\photoegg4.2\pixelOperat\pixelOperat.h(1605,15): warning C4244:  '=': 將 'double' 轉換為 'unsigned char'，由於類型不同，可能導致資料遺失
E:\桌面碟\專案資料夾\photoegg4.1\newphotoegg4.1\photoegg4.2\photoegg4.2\pixelOperat\pixelOperat.h(1606,15): warning C4244:  '=': 將 'double' 轉換為 'unsigned char'，由於類型不同，可能導致資料遺失
E:\桌面碟\專案資料夾\photoegg4.1\newphotoegg4.1\photoegg4.2\photoegg4.2\pixelOperat\pixelOperat.h(1607,15): warning C4244:  '=': 將 'double' 轉換為 'unsigned char'，由於類型不同，可能導致資料遺失
E:\桌面碟\專案資料夾\photoegg4.1\newphotoegg4.1\photoegg4.2\photoegg4.2\pixelOperat\pixelOperat.h(1611,15): warning C4244:  '=': 將 'double' 轉換為 'unsigned char'，由於類型不同，可能導致資料遺失
E:\桌面碟\專案資料夾\photoegg4.1\newphotoegg4.1\photoegg4.2\photoegg4.2\pixelOperat\pixelOperat.h(1612,15): warning C4244:  '=': 將 'double' 轉換為 'unsigned char'，由於類型不同，可能導致資料遺失
E:\桌面碟\專案資料夾\photoegg4.1\newphotoegg4.1\photoegg4.2\photoegg4.2\pixelOperat\pixelOperat.h(1613,15): warning C4244:  '=': 將 'double' 轉換為 'unsigned char'，由於類型不同，可能導致資料遺失
E:\桌面碟\專案資料夾\photoegg4.1\newphotoegg4.1\photoegg4.2\photoegg4.2\pixelOperat\pixelOperat.h(1616,15): warning C4244:  '=': 將 'double' 轉換為 'unsigned char'，由於類型不同，可能導致資料遺失
E:\桌面碟\專案資料夾\photoegg4.1\newphotoegg4.1\photoegg4.2\photoegg4.2\pixelOperat\pixelOperat.h(1617,15): warning C4244:  '=': 將 'double' 轉換為 'unsigned char'，由於類型不同，可能導致資料遺失
E:\桌面碟\專案資料夾\photoegg4.1\newphotoegg4.1\photoegg4.2\photoegg4.2\pixelOperat\pixelOperat.h(1618,15): warning C4244:  '=': 將 'double' 轉換為 'unsigned char'，由於類型不同，可能導致資料遺失
E:\桌面碟\專案資料夾\photoegg4.1\newphotoegg4.1\photoegg4.2\photoegg4.2\pixelOperat\pixelOperat.h(1622,15): warning C4244:  '=': 將 'double' 轉換為 'unsigned char'，由於類型不同，可能導致資料遺失
E:\桌面碟\專案資料夾\photoegg4.1\newphotoegg4.1\photoegg4.2\photoegg4.2\pixelOperat\pixelOperat.h(1623,15): warning C4244:  '=': 將 'double' 轉換為 'unsigned char'，由於類型不同，可能導致資料遺失
E:\桌面碟\專案資料夾\photoegg4.1\newphotoegg4.1\photoegg4.2\photoegg4.2\pixelOperat\pixelOperat.h(1624,15): warning C4244:  '=': 將 'double' 轉換為 'unsigned char'，由於類型不同，可能導致資料遺失
E:\桌面碟\專案資料夾\photoegg4.1\newphotoegg4.1\photoegg4.2\photoegg4.2\pixelOperat\pixelOperat.h(1628,15): warning C4244:  '=': 將 'double' 轉換為 'unsigned char'，由於類型不同，可能導致資料遺失
E:\桌面碟\專案資料夾\photoegg4.1\newphotoegg4.1\photoegg4.2\photoegg4.2\pixelOperat\pixelOperat.h(1629,15): warning C4244:  '=': 將 'double' 轉換為 'unsigned char'，由於類型不同，可能導致資料遺失
E:\桌面碟\專案資料夾\photoegg4.1\newphotoegg4.1\photoegg4.2\photoegg4.2\pixelOperat\pixelOperat.h(1630,15): warning C4244:  '=': 將 'double' 轉換為 'unsigned char'，由於類型不同，可能導致資料遺失
E:\桌面碟\專案資料夾\photoegg4.1\newphotoegg4.1\photoegg4.2\photoegg4.2\pixelOperat\pixelOperat.h(1634,15): warning C4244:  '=': 將 'double' 轉換為 'unsigned char'，由於類型不同，可能導致資料遺失
E:\桌面碟\專案資料夾\photoegg4.1\newphotoegg4.1\photoegg4.2\photoegg4.2\pixelOperat\pixelOperat.h(1635,15): warning C4244:  '=': 將 'double' 轉換為 'unsigned char'，由於類型不同，可能導致資料遺失
E:\桌面碟\專案資料夾\photoegg4.1\newphotoegg4.1\photoegg4.2\photoegg4.2\pixelOperat\pixelOperat.h(1636,15): warning C4244:  '=': 將 'double' 轉換為 'unsigned char'，由於類型不同，可能導致資料遺失
  pixelOperat.vcxproj -> E:\桌面碟\專案資料夾\photoegg4.1\newphotoegg4.1\photoegg4.2\photoegg4.2\x64\Release\pixelOperat.dll
